<?xml version="1.0" encoding="UTF-8"?>
<!-- Generated by org.testng.reporters.JUnitReportReporter -->
<testsuite skipped="0" hostname="DESKTOP-SCRIOB2" name="TestJson.ValidateCreateCustomerAPI" tests="8" failures="0" timestamp="27 Nov 2019 10:53:32 GMT" time="10.501" errors="0">
  <testcase name="validateAPIWithValidSecretKey" time="1.099" classname="TestJson.ValidateCreateCustomerAPI"/>
  <testcase name="validateAPIWithValidSecretKey" time="4.302" classname="TestJson.ValidateCreateCustomerAPI"/>
  <testcase name="validateAPIWithInvalidSecretKey" time="0.627" classname="TestJson.ValidateCreateCustomerAPI"/>
  <testcase name="validateAPIWithInvalidSecretKey" time="0.672" classname="TestJson.ValidateCreateCustomerAPI"/>
  <testcase name="validateAPIWithValidParameters" time="0.968" classname="TestJson.ValidateCreateCustomerAPI"/>
  <testcase name="validateAPIWithValidParameters" time="1.122" classname="TestJson.ValidateCreateCustomerAPI"/>
  <testcase name="validateAPIWithInvalidParameter" time="0.806" classname="TestJson.ValidateCreateCustomerAPI"/>
  <testcase name="validateAPIWithInvalidParameter" time="0.905" classname="TestJson.ValidateCreateCustomerAPI"/>
</testsuite> <!-- TestJson.ValidateCreateCustomerAPI -->
