<?xml version="1.0" encoding="UTF-8"?>
<!-- Generated by org.testng.reporters.JUnitReportReporter -->
<testsuite skipped="0" hostname="DESKTOP-SCRIOB2" name="TestJson.ValidateRetriveCustomerAPI" tests="1" failures="0" timestamp="27 Nov 2019 11:06:28 GMT" time="3.130" errors="0">
  <testcase name="ValidateCreateCusAPIWithValidSK" time="3.130" classname="TestJson.ValidateRetriveCustomerAPI"/>
</testsuite> <!-- TestJson.ValidateRetriveCustomerAPI -->
