<?xml version="1.0" encoding="UTF-8"?>
<!-- Generated by org.testng.reporters.JUnitReportReporter -->
<testsuite skipped="0" hostname="DESKTOP-SCRIOB2" name="TestJson.ValidateCreateCustomerAPI" tests="8" failures="0" timestamp="27 Nov 2019 06:04:26 GMT" time="11.829" errors="0">
  <testcase name="validateAPIWithInvalidSecretKey" time="4.442" classname="TestJson.ValidateCreateCustomerAPI"/>
  <testcase name="validateAPIWithValidSecretKey" time="1.327" classname="TestJson.ValidateCreateCustomerAPI"/>
  <testcase name="validateAPIWithValidSecretKey" time="1.515" classname="TestJson.ValidateCreateCustomerAPI"/>
  <testcase name="validateAPIWithValidSecretKey" time="1.328" classname="TestJson.ValidateCreateCustomerAPI"/>
  <testcase name="validateAPIWithValidSecretKey" time="0.985" classname="TestJson.ValidateCreateCustomerAPI"/>
  <testcase name="validateAPIWithInvalidSecretKey" time="0.876" classname="TestJson.ValidateCreateCustomerAPI"/>
  <testcase name="validateAPIWithInvalidSecretKey" time="0.588" classname="TestJson.ValidateCreateCustomerAPI"/>
  <testcase name="validateAPIWithInvalidSecretKey" time="0.768" classname="TestJson.ValidateCreateCustomerAPI"/>
</testsuite> <!-- TestJson.ValidateCreateCustomerAPI -->
