<?xml version="1.0" encoding="UTF-8"?>
<!-- Generated by org.testng.reporters.JUnitReportReporter -->
<testsuite skipped="0" hostname="DESKTOP-SCRIOB2" name="com.w2a.TestJson.ValidateCreateCustomerAPI" tests="4" failures="0" timestamp="26 Nov 2019 10:59:27 GMT" time="6.144" errors="0">
  <testcase name="validateAPIWithInvalidSecretKey" time="4.097" classname="com.w2a.TestJson.ValidateCreateCustomerAPI"/>
  <testcase name="validateAPIWithInvalidSecretKey" time="0.652" classname="com.w2a.TestJson.ValidateCreateCustomerAPI"/>
  <testcase name="validateAPIWithInvalidSecretKey" time="0.744" classname="com.w2a.TestJson.ValidateCreateCustomerAPI"/>
  <testcase name="validateAPIWithInvalidSecretKey" time="0.651" classname="com.w2a.TestJson.ValidateCreateCustomerAPI"/>
</testsuite> <!-- com.w2a.TestJson.ValidateCreateCustomerAPI -->
