<?xml version="1.0" encoding="UTF-8"?>
<!-- Generated by org.testng.reporters.JUnitReportReporter -->
<testsuite skipped="0" hostname="DESKTOP-SCRIOB2" name="TestJson.ValidateCreateCustomerAPI" tests="8" failures="0" timestamp="27 Nov 2019 07:07:18 GMT" time="10.786" errors="0">
  <testcase name="validateAPIWithInvalidSecretKey" time="0.657" classname="TestJson.ValidateCreateCustomerAPI"/>
  <testcase name="validateAPIWithValidSecretKey" time="1.279" classname="TestJson.ValidateCreateCustomerAPI"/>
  <testcase name="validateAPIWithInvalidParameter" time="4.109" classname="TestJson.ValidateCreateCustomerAPI"/>
  <testcase name="validateAPIWithValidParameters" time="1.347" classname="TestJson.ValidateCreateCustomerAPI"/>
  <testcase name="validateAPIWithInvalidSecretKey" time="0.598" classname="TestJson.ValidateCreateCustomerAPI"/>
  <testcase name="validateAPIWithValidParameters" time="1.032" classname="TestJson.ValidateCreateCustomerAPI"/>
  <testcase name="validateAPIWithInvalidParameter" time="0.858" classname="TestJson.ValidateCreateCustomerAPI"/>
  <testcase name="validateAPIWithValidSecretKey" time="0.906" classname="TestJson.ValidateCreateCustomerAPI"/>
</testsuite> <!-- TestJson.ValidateCreateCustomerAPI -->
