<?xml version="1.0" encoding="UTF-8"?>
<!-- Generated by org.testng.reporters.JUnitReportReporter -->
<testsuite skipped="0" hostname="DESKTOP-SCRIOB2" name="com.w2a.TestJson.SampleTestCase" tests="1" failures="0" timestamp="24 Nov 2019 14:10:42 GMT" time="4.651" errors="0">
  <testcase name="ValidateCreateCustomerAPIWithValidSecretKey" time="4.651" classname="com.w2a.TestJson.SampleTestCase"/>
</testsuite> <!-- com.w2a.TestJson.SampleTestCase -->
