<?xml version="1.0" encoding="UTF-8"?>
<!-- Generated by org.testng.reporters.JUnitReportReporter -->
<testsuite skipped="0" hostname="DESKTOP-SCRIOB2" name="TestJson.SampleTestCase" tests="1" failures="0" timestamp="27 Nov 2019 06:15:17 GMT" time="4.055" errors="0">
  <testcase name="ValidateCreateCusAPIWithValidSK" time="4.055" classname="TestJson.SampleTestCase"/>
</testsuite> <!-- TestJson.SampleTestCase -->
